E:\TASK\JPEG2000\PROJECTS\JPEG2000\DEBUG\JPEG2000_LIB.LIB
E:\TASK\JPEG2000\PROJECTS\JPEG2000\JPEG2000\DEBUG\BITINPUTOUTPUT.OBJ
E:\TASK\JPEG2000\PROJECTS\JPEG2000\JPEG2000\DEBUG\BMPREADER.OBJ
E:\TASK\JPEG2000\PROJECTS\JPEG2000\JPEG2000\DEBUG\CHARINPUTOUTPUT.OBJ
E:\task\JPEG2000\Projects\JPEG2000\JPEG2000\Debug\cl.command.1.tlog
E:\task\JPEG2000\Projects\JPEG2000\JPEG2000\Debug\CL.read.1.tlog
E:\task\JPEG2000\Projects\JPEG2000\JPEG2000\Debug\CL.write.1.tlog
E:\TASK\JPEG2000\PROJECTS\JPEG2000\JPEG2000\DEBUG\J2KCODER.OBJ
E:\TASK\JPEG2000\PROJECTS\JPEG2000\JPEG2000\DEBUG\J2KPACKETITERATOR.OBJ
E:\TASK\JPEG2000\PROJECTS\JPEG2000\JPEG2000\DEBUG\J2KTAG.OBJ
E:\TASK\JPEG2000\PROJECTS\JPEG2000\JPEG2000\DEBUG\J2KTIER1.OBJ
E:\TASK\JPEG2000\PROJECTS\JPEG2000\JPEG2000\DEBUG\J2KTIER2.OBJ
E:\TASK\JPEG2000\PROJECTS\JPEG2000\JPEG2000\DEBUG\J2KTILECODER.OBJ
E:\TASK\JPEG2000\PROJECTS\JPEG2000\JPEG2000\DEBUG\JP2STRUCT.OBJ
E:\TASK\JPEG2000\PROJECTS\JPEG2000\JPEG2000\DEBUG\JP2WRITER.OBJ
E:\TASK\JPEG2000\PROJECTS\JPEG2000\JPEG2000\DEBUG\JPEGMATH.OBJ
E:\task\JPEG2000\Projects\JPEG2000\JPEG2000\Debug\lib.command.1.tlog
E:\task\JPEG2000\Projects\JPEG2000\JPEG2000\Debug\Lib-link.read.1.tlog
E:\task\JPEG2000\Projects\JPEG2000\JPEG2000\Debug\Lib-link.write.1.tlog
E:\TASK\JPEG2000\PROJECTS\JPEG2000\JPEG2000\DEBUG\LOGGER.OBJ
E:\TASK\JPEG2000\PROJECTS\JPEG2000\JPEG2000\DEBUG\PREPROCESSOR.OBJ
E:\task\JPEG2000\Projects\JPEG2000\JPEG2000\Debug\vc100.idb
E:\TASK\JPEG2000\PROJECTS\JPEG2000\JPEG2000\DEBUG\VC100.PDB
